<?xml version="1.0" encoding="UTF-8"?>
<!-- Generated by org.testng.reporters.JUnitReportReporter -->
<testsuite name="com.jbk.login_page.BlankDataError" tests="1" time="3.006" ignored="0" failures="0" timestamp="04 May 2021 14:31:19 GMT" skipped="0" hostname="LAPTOP-COQHVDGR" errors="0">
  <testcase name="verifyBlankLogIn" time="3.006" classname="com.jbk.login_page.BlankDataError"/>
</testsuite> <!-- com.jbk.login_page.BlankDataError -->
