<?xml version="1.0" encoding="UTF-8"?>
<!-- Generated by org.testng.reporters.JUnitReportReporter -->
<testsuite name="com.jbk.UsersPage.ExcelTableData" tests="4" time="22.739" ignored="0" failures="0" timestamp="09 May 2021 19:44:51 GMT" skipped="0" hostname="LAPTOP-COQHVDGR" errors="0">
  <testcase name="usersTable_1" time="5.155" classname="com.jbk.UsersPage.ExcelTableData"/>
  <testcase name="usersTable_1" time="4.932" classname="com.jbk.UsersPage.ExcelTableData"/>
  <testcase name="usersTable_1" time="7.487" classname="com.jbk.UsersPage.ExcelTableData"/>
  <testcase name="usersTable_1" time="5.165" classname="com.jbk.UsersPage.ExcelTableData"/>
</testsuite> <!-- com.jbk.UsersPage.ExcelTableData -->
