<?xml version="1.0" encoding="UTF-8"?>
<!-- Generated by org.testng.reporters.JUnitReportReporter -->
<testsuite name="com.jbk.UsersPage.Users_Table" tests="5" time="34.720" ignored="0" failures="0" timestamp="10 May 2021 05:31:00 GMT" skipped="0" hostname="LAPTOP-COQHVDGR" errors="0">
  <testcase name="usersTable_1" time="5.654" classname="com.jbk.UsersPage.Users_Table"/>
  <testcase name="usersTable_1" time="6.721" classname="com.jbk.UsersPage.Users_Table"/>
  <testcase name="usersTable_1" time="7.717" classname="com.jbk.UsersPage.Users_Table"/>
  <testcase name="usersTable_1" time="6.561" classname="com.jbk.UsersPage.Users_Table"/>
  <testcase name="usersTable_1" time="8.067" classname="com.jbk.UsersPage.Users_Table"/>
</testsuite> <!-- com.jbk.UsersPage.Users_Table -->
