<?xml version="1.0" encoding="UTF-8"?>
<!-- Generated by org.testng.reporters.JUnitReportReporter -->
<testsuite name="com.JBK_1.Dashboard_Page" tests="1" time="1.153" ignored="20" failures="0" timestamp="06 May 2021 09:47:51 GMT" skipped="0" hostname="LAPTOP-COQHVDGR" errors="0">
  <testcase name="verifyMoreInfoNewWindow" time="1.153" classname="com.JBK_1.Dashboard_Page"/>
  <testcase name="verifyUsefulLinksMenu" classname="com.JBK_1.Dashboard_Page">
    <skipped/>
  </testcase> <!-- verifyUsefulLinksMenu -->
  <testcase name="verifyCornerHeading" classname="com.JBK_1.Dashboard_Page">
    <skipped/>
  </testcase> <!-- verifyCornerHeading -->
  <testcase name="verifyUserImage" classname="com.JBK_1.Dashboard_Page">
    <skipped/>
  </testcase> <!-- verifyUserImage -->
  <testcase name="verifyFooterStatement" classname="com.JBK_1.Dashboard_Page">
    <skipped/>
  </testcase> <!-- verifyFooterStatement -->
  <testcase name="verifyJBK_Link" classname="com.JBK_1.Dashboard_Page">
    <skipped/>
  </testcase> <!-- verifyJBK_Link -->
  <testcase name="verifyUrl" classname="com.JBK_1.Dashboard_Page">
    <skipped/>
  </testcase> <!-- verifyUrl -->
  <testcase name="verifyMainHeading" classname="com.JBK_1.Dashboard_Page">
    <skipped/>
  </testcase> <!-- verifyMainHeading -->
  <testcase name="verifyCoursesHeading" classname="com.JBK_1.Dashboard_Page">
    <skipped/>
  </testcase> <!-- verifyCoursesHeading -->
  <testcase name="verifyUserName" classname="com.JBK_1.Dashboard_Page">
    <skipped/>
  </testcase> <!-- verifyUserName -->
  <testcase name="verifyNavigationMenuText" classname="com.JBK_1.Dashboard_Page">
    <skipped/>
  </testcase> <!-- verifyNavigationMenuText -->
  <testcase name="verifyUserStatus" classname="com.JBK_1.Dashboard_Page">
    <skipped/>
  </testcase> <!-- verifyUserStatus -->
  <testcase name="verifyUsersMenu" classname="com.JBK_1.Dashboard_Page">
    <skipped/>
  </testcase> <!-- verifyUsersMenu -->
  <testcase name="verifyDownloadsMenu" classname="com.JBK_1.Dashboard_Page">
    <skipped/>
  </testcase> <!-- verifyDownloadsMenu -->
  <testcase name="verifyCoursesSubHeading" classname="com.JBK_1.Dashboard_Page">
    <skipped/>
  </testcase> <!-- verifyCoursesSubHeading -->
  <testcase name="verifyLeftCornerLogOutMenu" classname="com.JBK_1.Dashboard_Page">
    <skipped/>
  </testcase> <!-- verifyLeftCornerLogOutMenu -->
  <testcase name="verifySequence" classname="com.JBK_1.Dashboard_Page">
    <skipped/>
  </testcase> <!-- verifySequence -->
  <testcase name="verifyTitle" classname="com.JBK_1.Dashboard_Page">
    <skipped/>
  </testcase> <!-- verifyTitle -->
  <testcase name="verifyCoursesMoreInfo" classname="com.JBK_1.Dashboard_Page">
    <skipped/>
  </testcase> <!-- verifyCoursesMoreInfo -->
  <testcase name="verifyRightCornerLogOutLink" classname="com.JBK_1.Dashboard_Page">
    <skipped/>
  </testcase> <!-- verifyRightCornerLogOutLink -->
  <testcase name="verifyOperatorsMenu" classname="com.JBK_1.Dashboard_Page">
    <skipped/>
  </testcase> <!-- verifyOperatorsMenu -->
</testsuite> <!-- com.JBK_1.Dashboard_Page -->
