<?xml version="1.0" encoding="UTF-8"?>
<!-- Generated by org.testng.reporters.JUnitReportReporter -->
<testsuite name="com.jbk.usefulLinksPage.CompleteTableExcel" tests="1" time="4.976" ignored="0" failures="0" timestamp="13 May 2021 03:28:30 GMT" skipped="0" hostname="LAPTOP-COQHVDGR" errors="0">
  <testcase name="verifyDeleteAlert" time="4.976" classname="com.jbk.usefulLinksPage.CompleteTableExcel"/>
</testsuite> <!-- com.jbk.usefulLinksPage.CompleteTableExcel -->
