<?xml version="1.0" encoding="UTF-8"?>
<!-- Generated by org.testng.reporters.JUnitReportReporter -->
<testsuite name="com.jbk.UsersPage.A" tests="1" time="8.434" ignored="0" failures="0" timestamp="10 May 2021 18:09:49 GMT" skipped="0" hostname="LAPTOP-COQHVDGR" errors="0">
  <testcase name="Verify_State_Name_table" time="8.434" classname="com.jbk.UsersPage.A"/>
</testsuite> <!-- com.jbk.UsersPage.A -->
