<?xml version="1.0" encoding="UTF-8"?>
<!-- Generated by org.testng.reporters.JUnitReportReporter -->
<testsuite name="com.jbk.UsersPage.ClickingDeleteButton" tests="4" time="24.768" ignored="0" failures="0" timestamp="10 May 2021 18:37:32 GMT" skipped="0" hostname="LAPTOP-COQHVDGR" errors="0">
  <testcase name="usersTable_1" time="5.966" classname="com.jbk.UsersPage.ClickingDeleteButton"/>
  <testcase name="usersTable_1" time="6.076" classname="com.jbk.UsersPage.ClickingDeleteButton"/>
  <testcase name="usersTable_1" time="7.009" classname="com.jbk.UsersPage.ClickingDeleteButton"/>
  <testcase name="usersTable_1" time="5.717" classname="com.jbk.UsersPage.ClickingDeleteButton"/>
</testsuite> <!-- com.jbk.UsersPage.ClickingDeleteButton -->
