<?xml version="1.0" encoding="UTF-8"?>
<!-- Generated by org.testng.reporters.JUnitReportReporter -->
<testsuite name="com.jbk.dashboard.Sequence" tests="1" time="5.969" ignored="0" failures="0" timestamp="03 May 2021 06:07:45 GMT" skipped="0" hostname="LAPTOP-COQHVDGR" errors="0">
  <testcase name="verifySequence" time="5.969" classname="com.jbk.dashboard.Sequence"/>
</testsuite> <!-- com.jbk.dashboard.Sequence -->
