<?xml version="1.0" encoding="UTF-8"?>
<!-- Generated by org.testng.reporters.JUnitReportReporter -->
<testsuite name="com.jbk.UsersPage.CompleteUsersTable" tests="1" time="5.248" ignored="0" failures="0" timestamp="13 May 2021 18:56:17 GMT" skipped="0" hostname="LAPTOP-COQHVDGR" errors="0">
  <testcase name="verifyComplete_UsersTable" time="5.248" classname="com.jbk.UsersPage.CompleteUsersTable"/>
</testsuite> <!-- com.jbk.UsersPage.CompleteUsersTable -->
