<?xml version="1.0" encoding="UTF-8"?>
<!-- Generated by org.testng.reporters.JUnitReportReporter -->
<testsuite name="com.jbk.operatorsPage.CompleteOperatorsTable" tests="1" time="7.152" ignored="0" failures="0" timestamp="13 May 2021 19:18:19 GMT" skipped="0" hostname="LAPTOP-COQHVDGR" errors="0">
  <testcase name="verifyComplete_OperatorsTable" time="7.152" classname="com.jbk.operatorsPage.CompleteOperatorsTable"/>
</testsuite> <!-- com.jbk.operatorsPage.CompleteOperatorsTable -->
