<?xml version="1.0" encoding="UTF-8"?>
<!-- Generated by org.testng.reporters.JUnitReportReporter -->
<testsuite name="com.jbk.DownloadsPage.Blank" tests="1" time="6.617" ignored="0" failures="0" timestamp="10 May 2021 11:13:12 GMT" skipped="0" hostname="LAPTOP-COQHVDGR" errors="0">
  <testcase name="verifyDownloadsCommonBlank" time="6.617" classname="com.jbk.DownloadsPage.Blank"/>
</testsuite> <!-- com.jbk.DownloadsPage.Blank -->
