<?xml version="1.0" encoding="UTF-8"?>
<!-- Generated by org.testng.reporters.JUnitReportReporter -->
<testsuite name="com.jbk.login_page.Placeholders" tests="1" time="2.798" ignored="0" failures="0" timestamp="10 May 2021 20:44:18 GMT" skipped="0" hostname="LAPTOP-COQHVDGR" errors="0">
  <testcase name="verifyPlaceholders" time="2.798" classname="com.jbk.login_page.Placeholders"/>
</testsuite> <!-- com.jbk.login_page.Placeholders -->
