<?xml version="1.0" encoding="UTF-8"?>
<!-- Generated by org.testng.reporters.JUnitReportReporter -->
<testsuite name="com.jbk.AddUserPage.Add_User" tests="1" time="6.283" ignored="0" failures="0" timestamp="11 May 2021 13:48:10 GMT" skipped="0" hostname="LAPTOP-COQHVDGR" errors="0">
  <testcase name="addUser" time="6.283" classname="com.jbk.AddUserPage.Add_User"/>
</testsuite> <!-- com.jbk.AddUserPage.Add_User -->
