<?xml version="1.0" encoding="UTF-8"?>
<!-- Generated by org.testng.reporters.JUnitReportReporter -->
<testsuite name="com.jbk.DownloadsPage.CompleteDownloadsTable" tests="1" time="5.787" ignored="0" failures="0" timestamp="13 May 2021 14:40:43 GMT" skipped="0" hostname="LAPTOP-COQHVDGR" errors="0">
  <testcase name="verifyComplete_DownloadsTable" time="5.787" classname="com.jbk.DownloadsPage.CompleteDownloadsTable"/>
</testsuite> <!-- com.jbk.DownloadsPage.CompleteDownloadsTable -->
