<?xml version="1.0" encoding="UTF-8"?>
<!-- Generated by org.testng.reporters.JUnitReportReporter -->
<testsuite name="com.jbk.UsersPage.Gender" tests="1" time="3.620" ignored="0" failures="0" timestamp="10 May 2021 16:15:23 GMT" skipped="0" hostname="LAPTOP-COQHVDGR" errors="0">
  <testcase name="Verify_State_Name_table" time="3.620" classname="com.jbk.UsersPage.Gender"/>
</testsuite> <!-- com.jbk.UsersPage.Gender -->
