<?xml version="1.0" encoding="UTF-8"?>
<!-- Generated by org.testng.reporters.JUnitReportReporter -->
<testsuite name="com.jbk.UsersPage.B" tests="1" time="4.234" ignored="0" failures="0" timestamp="11 May 2021 07:02:29 GMT" skipped="0" hostname="LAPTOP-COQHVDGR" errors="0">
  <testcase name="Verify_State_Name_table" time="4.234" classname="com.jbk.UsersPage.B"/>
</testsuite> <!-- com.jbk.UsersPage.B -->
