<?xml version="1.0" encoding="UTF-8"?>
<!-- Generated by org.testng.reporters.JUnitReportReporter -->
<testsuite name="com.jbk.AddUserPage.PrintingDragDownOptions" tests="1" time="3.984" ignored="0" failures="0" timestamp="16 May 2021 12:29:40 GMT" skipped="0" hostname="LAPTOP-COQHVDGR" errors="0">
  <testcase name="usersTable_1" time="3.984" classname="com.jbk.AddUserPage.PrintingDragDownOptions"/>
</testsuite> <!-- com.jbk.AddUserPage.PrintingDragDownOptions -->
