<?xml version="1.0" encoding="UTF-8"?>
<!-- Generated by org.testng.reporters.JUnitReportReporter -->
<testsuite name="com.jbk.login_page.Heading" tests="1" time="2.870" ignored="0" failures="0" timestamp="04 May 2021 04:06:38 GMT" skipped="0" hostname="LAPTOP-COQHVDGR" errors="0">
  <testcase name="verifyHeading" time="2.870" classname="com.jbk.login_page.Heading"/>
</testsuite> <!-- com.jbk.login_page.Heading -->
