<?xml version="1.0" encoding="UTF-8"?>
<!-- Generated by org.testng.reporters.JUnitReportReporter -->
<testsuite name="com.jbk.UsersPage.AlTableHeading" tests="1" time="4.969" ignored="0" failures="0" timestamp="09 May 2021 15:21:04 GMT" skipped="0" hostname="LAPTOP-COQHVDGR" errors="0">
  <testcase name="test1" time="4.969" classname="com.jbk.UsersPage.AlTableHeading"/>
</testsuite> <!-- com.jbk.UsersPage.AlTableHeading -->
