<?xml version="1.0" encoding="UTF-8"?>
<!-- Generated by org.testng.reporters.JUnitReportReporter -->
<testsuite name="com.jbk.usefulLinksPage.ClickGO" tests="1" time="36.992" ignored="0" failures="0" timestamp="12 May 2021 19:28:26 GMT" skipped="0" hostname="LAPTOP-COQHVDGR" errors="0">
  <testcase name="verifyDeleteAlert" time="36.992" classname="com.jbk.usefulLinksPage.ClickGO"/>
</testsuite> <!-- com.jbk.usefulLinksPage.ClickGO -->
