<?xml version="1.0" encoding="UTF-8"?>
<!-- Generated by org.testng.reporters.JUnitReportReporter -->
<testsuite name="com.jbk.AddUserPage.SelectState" tests="1" time="7.517" ignored="0" failures="0" timestamp="09 May 2021 21:13:05 GMT" skipped="0" hostname="LAPTOP-COQHVDGR" errors="0">
  <testcase name="usersTable_1" time="7.517" classname="com.jbk.AddUserPage.SelectState"/>
</testsuite> <!-- com.jbk.AddUserPage.SelectState -->
