<?xml version="1.0" encoding="UTF-8"?>
<!-- Generated by org.testng.reporters.JUnitReportReporter -->
<testsuite name="com.jbk.operatorsPage.CompleteTableExcel" tests="1" time="7.982" ignored="0" failures="0" timestamp="13 May 2021 12:18:33 GMT" skipped="0" hostname="LAPTOP-COQHVDGR" errors="0">
  <testcase name="verifyCompleteOperatorsTable" time="7.982" classname="com.jbk.operatorsPage.CompleteTableExcel"/>
</testsuite> <!-- com.jbk.operatorsPage.CompleteTableExcel -->
