<?xml version="1.0" encoding="UTF-8"?>
<!-- Generated by org.testng.reporters.JUnitReportReporter -->
<testsuite name="com.jbk.AddUserPage.DragDownOptExcel" tests="1" time="5.097" ignored="0" failures="0" timestamp="13 May 2021 18:43:02 GMT" skipped="0" hostname="LAPTOP-COQHVDGR" errors="0">
  <testcase name="usersTable_1" time="5.097" classname="com.jbk.AddUserPage.DragDownOptExcel"/>
</testsuite> <!-- com.jbk.AddUserPage.DragDownOptExcel -->
