<?xml version="1.0" encoding="UTF-8"?>
<!-- Generated by org.testng.reporters.JUnitReportReporter -->
<testsuite name="com.jbk.UsersPage.ExcelTableHeading" tests="1" time="6.308" ignored="0" failures="0" timestamp="09 May 2021 19:38:30 GMT" skipped="0" hostname="LAPTOP-COQHVDGR" errors="0">
  <testcase name="usersTable_1" time="6.308" classname="com.jbk.UsersPage.ExcelTableHeading"/>
</testsuite> <!-- com.jbk.UsersPage.ExcelTableHeading -->
