<?xml version="1.0" encoding="UTF-8"?>
<!-- Generated by org.testng.reporters.JUnitReportReporter -->
<testsuite name="com.jbk.dashboard.CourseHeadingExcel" tests="1" time="4.581" ignored="0" failures="0" timestamp="13 May 2021 17:00:12 GMT" skipped="0" hostname="LAPTOP-COQHVDGR" errors="0">
  <testcase name="verifyCourseHeading" time="4.581" classname="com.jbk.dashboard.CourseHeadingExcel"/>
</testsuite> <!-- com.jbk.dashboard.CourseHeadingExcel -->
