<?xml version="1.0" encoding="UTF-8"?>
<!-- Generated by org.testng.reporters.JUnitReportReporter -->
<testsuite name="com.jbk.UsersPage.C" tests="1" time="2.403" ignored="0" failures="0" timestamp="11 May 2021 04:57:57 GMT" skipped="0" hostname="LAPTOP-COQHVDGR" errors="0">
  <testcase name="VerifyDeleteAlert" time="2.403" classname="com.jbk.UsersPage.C"/>
</testsuite> <!-- com.jbk.UsersPage.C -->
