<?xml version="1.0" encoding="UTF-8"?>
<!-- Generated by org.testng.reporters.JUnitReportReporter -->
<testsuite skipped="0" hostname="LAPTOP-COQHVDGR" name="com.jbk.login_page.ValidEmailAndPassword" tests="1" failures="0" timestamp="02 May 2021 14:41:28 GMT" time="5.020" errors="0">
  <testcase name="verifyValidLogIn" time="5.020" classname="com.jbk.login_page.ValidEmailAndPassword"/>
</testsuite> <!-- com.jbk.login_page.ValidEmailAndPassword -->
