<?xml version="1.0" encoding="UTF-8"?>
<!-- Generated by org.testng.reporters.JUnitReportReporter -->
<testsuite skipped="0" hostname="LAPTOP-COQHVDGR" name="com.JBK_1.Registration_Page" tests="1" failures="0" timestamp="02 May 2021 14:39:01 GMT" time="0.020" errors="0">
  <testcase name="verifyUrl" time="0.020" classname="com.JBK_1.Registration_Page"/>
</testsuite> <!-- com.JBK_1.Registration_Page -->
